00:16:18 [DEBUG] (1) AppTimer_rs: User terminated by closing window
00:25:21 [DEBUG] (1) AppTimer_rs: User accepted with ENTER key
00:47:44 [DEBUG] (1) AppTimer_rs: User terminated with ESC key
01:21:53 [DEBUG] (1) AppTimer_rs: User terminated with ESC key
01:21:58 [DEBUG] (1) AppTimer_rs: User accepted with ENTER key
01:21:58 [ERROR] Failed to spawn subprocess
01:22:39 [DEBUG] (1) AppTimer_rs: User accepted with ENTER key
01:22:39 [ERROR] Failed to spawn subprocess
The filename, directory name, or volume label syntax is incorrect. (os error 123)
01:23:00 [DEBUG] (1) AppTimer_rs: User accepted with OK button
01:23:00 [ERROR] Failed to spawn subprocess. The filename, directory name, or volume label syntax is incorrect. (os error 123)
01:27:20 [DEBUG] (1) AppTimer_rs: User accepted with OK button
01:31:42 [DEBUG] (1) AppTimer_rs: User terminated with ESC key
01:31:45 [DEBUG] (1) AppTimer_rs: User accepted with ENTER key
01:31:45 [ERROR] Failed to spawn subprocess. The filename, directory name, or volume label syntax is incorrect. (os error 123)
01:34:43 [DEBUG] (1) AppTimer_rs: User accepted with ENTER key
01:34:43 [ERROR] Failed to spawn subprocess. The filename, directory name, or volume label syntax is incorrect. (os error 123)
01:35:59 [DEBUG] (1) AppTimer_rs: User accepted with ENTER key
01:39:28 [DEBUG] (1) AppTimer_rs: User accepted with ENTER key
01:39:28 [ERROR] Failed to spawn subprocess. The filename, directory name, or volume label syntax is incorrect. (os error 123)
01:39:53 [DEBUG] (1) AppTimer_rs: User accepted with ENTER key
01:42:00 [DEBUG] (1) AppTimer_rs: User accepted with ENTER key
01:42:14 [DEBUG] (1) AppTimer_rs: User accepted with ENTER key
01:42:14 [ERROR] Failed to spawn subprocess. The filename, directory name, or volume label syntax is incorrect. (os error 123)
01:42:26 [DEBUG] (1) AppTimer_rs: User accepted with ENTER key
01:43:17 [DEBUG] (1) AppTimer_rs: User accepted with ENTER key
01:49:39 [DEBUG] (1) AppTimer_rs: User accepted with ENTER key
01:52:12 [DEBUG] (1) AppTimer_rs: User accepted with ENTER key
01:54:38 [DEBUG] (1) AppTimer_rs: User accepted with ENTER key
02:01:32 [DEBUG] (1) AppTimer_rs: User accepted with ENTER key
